Copyright 1986-1999, 2001-2013 Xilinx, Inc. All Rights Reserved.
------------------------------------------------------------------------------------
| Tool Version : Vivado v.2013.4 (win64) Build 353583 Mon Dec  9 17:49:19 MST 2013
| Date         : Mon Apr 07 18:00:40 2014
| Host         : CSE-4225-16 running 64-bit Service Pack 1  (build 7601)
| Command      : report_control_sets -verbose -file leon3mp_control_sets_placed.rpt
| Design       : leon3mp
| Device       : xc7a100t
------------------------------------------------------------------------------------

Control Set Information

Table of Contents
-----------------
1. Summary
2. Flip-Flop Distribution
3. Detailed Control Set Information

1. Summary
----------

+-------------------------------------------------------------------+-------+
|                               Status                              | Count |
+-------------------------------------------------------------------+-------+
| Number of unique control sets                                     |   306 |
| Minimum Number of register sites lost to control set restrictions |   761 |
+-------------------------------------------------------------------+-------+


2. Flip-Flop Distribution
-------------------------

+--------------+-----------------------+------------------------+-----------------+--------------+
| Clock Enable | Synchronous Set/Reset | Asynchronous Set/Reset | Total Registers | Total Slices |
+--------------+-----------------------+------------------------+-----------------+--------------+
| No           | No                    | No                     |            3306 |         1641 |
| No           | No                    | Yes                    |              56 |           29 |
| No           | Yes                   | No                     |             446 |          247 |
| Yes          | No                    | No                     |            1860 |          773 |
| Yes          | No                    | Yes                    |              35 |           20 |
| Yes          | Yes                   | No                     |             912 |          400 |
+--------------+-----------------------+------------------------+-----------------+--------------+


3. Detailed Control Set Information
-----------------------------------

+----------------------------------------------------------------------+-------------------------------------------------------------------------+--------------------------------------------------------------+------------------+----------------+
|                             Clock Signal                             |                              Enable Signal                              |                       Set/Reset Signal                       | Slice Load Count | Bel Load Count |
+----------------------------------------------------------------------+-------------------------------------------------------------------------+--------------------------------------------------------------+------------------+----------------+
|  clkgen0/xc7l.v/O1                                                   | PWMapb_map/PWM_module/n_0_PWM_sample[6]_P_i_1                           | PWMapb_map/PWM_module/n_0_PWM_sample_reg[1]_LDC_i_1          |                1 |              1 |
|  clkgen0/xc7l.v/O1                                                   | PWMapb_map/PWM_module/n_0_PWM_sample[6]_P_i_1                           | PWMapb_map/PWM_module/n_0_PWM_sample_reg[0]_LDC_i_1          |                1 |              1 |
|  clkgen0/xc7l.v/O1                                                   | PWMapb_map/PWM_module/n_0_PWM_sample[6]_P_i_1                           | PWMapb_map/PWM_module/n_0_PWM_sample_reg[2]_LDC_i_1          |                1 |              1 |
|  clkgen0/xc7l.v/O1                                                   |                                                                         | PWMapb_map/PWM_module/n_0_PWM_sample_reg[6]_LDC_i_2          |                1 |              1 |
|  clkgen0/xc7l.v/O1                                                   |                                                                         | PWMapb_map/PWM_module/n_0_PWM_sample_reg[5]_LDC_i_2          |                1 |              1 |
|  clkgen0/xc7l.v/O1                                                   |                                                                         | PWMapb_map/PWM_module/n_0_PWM_sample_reg[4]_LDC_i_2          |                1 |              1 |
|  clkgen0/xc7l.v/O1                                                   |                                                                         | PWMapb_map/PWM_module/n_0_PWM_sample_reg[3]_LDC_i_2          |                1 |              1 |
|  clkgen0/xc7l.v/O1                                                   |                                                                         | PWMapb_map/PWM_module/n_0_PWM_sample_reg[2]_LDC_i_2          |                1 |              1 |
|  clkgen0/xc7l.v/O1                                                   |                                                                         | PWMapb_map/PWM_module/n_0_PWM_sample_reg[1]_LDC_i_2          |                1 |              1 |
|  clkgen0/xc7l.v/O1                                                   |                                                                         | PWMapb_map/PWM_module/n_0_PWM_sample_reg[0]_LDC_i_2          |                1 |              1 |
|  clkgen0/xc7l.v/O1                                                   | PWMapb_map/PWM_module/n_0_PWM_sample[6]_P_i_1                           | PWMapb_map/PWM_module/n_0_PWM_sample_reg[3]_LDC_i_1          |                1 |              1 |
|  clkgen0/xc7l.v/O1                                                   | PWMapb_map/PWM_module/n_0_PWM_sample[6]_P_i_1                           | PWMapb_map/PWM_module/n_0_PWM_sample_reg[4]_LDC_i_1          |                1 |              1 |
|  PWMapb_map/PWM_module/n_0_PWM_sample_reg[6]_LDC_i_1                 |                                                                         | PWMapb_map/PWM_module/n_0_PWM_sample_reg[6]_LDC_i_2          |                1 |              1 |
|  reset_in                                                            |                                                                         |                                                              |                1 |              1 |
|  clkgen0/xc7l.v/O1                                                   | PWMapb_map/PWM_module/n_0_PWM_sample[6]_P_i_1                           | PWMapb_map/PWM_module/n_0_PWM_sample_reg[5]_LDC_i_1          |                1 |              1 |
|  PWMapb_map/PWM_module/n_0_PWM_sample_reg[5]_LDC_i_1                 |                                                                         | PWMapb_map/PWM_module/n_0_PWM_sample_reg[5]_LDC_i_2          |                1 |              1 |
|  PWMapb_map/PWM_module/n_0_PWM_sample_reg[4]_LDC_i_1                 |                                                                         | PWMapb_map/PWM_module/n_0_PWM_sample_reg[4]_LDC_i_2          |                1 |              1 |
|  PWMapb_map/PWM_module/n_0_PWM_sample_reg[3]_LDC_i_1                 |                                                                         | PWMapb_map/PWM_module/n_0_PWM_sample_reg[3]_LDC_i_2          |                1 |              1 |
|  PWMapb_map/PWM_module/n_0_PWM_sample_reg[2]_LDC_i_1                 |                                                                         | PWMapb_map/PWM_module/n_0_PWM_sample_reg[2]_LDC_i_2          |                1 |              1 |
|  PWMapb_map/PWM_module/n_0_PWM_sample_reg[1]_LDC_i_1                 |                                                                         | PWMapb_map/PWM_module/n_0_PWM_sample_reg[1]_LDC_i_2          |                1 |              1 |
|  PWMapb_map/PWM_module/n_0_PWM_sample_reg[0]_LDC_i_1                 |                                                                         | PWMapb_map/PWM_module/n_0_PWM_sample_reg[0]_LDC_i_2          |                1 |              1 |
|  clkgen0/xc7l.v/O1                                                   | PWMapb_map/PWM_module/n_0_PWM_sample[6]_P_i_1                           | PWMapb_map/PWM_module/n_0_PWM_sample_reg[6]_LDC_i_1          |                1 |              1 |
| ~ahbjtaggen0.ahbjtag0/gtckbuf.tckbuf/xil.xil0/O1                     |                                                                         | reset_in                                                     |                2 |              3 |
|  clk_BUFG                                                            |                                                                         | reset_in                                                     |                1 |              3 |
|  Bufferapb_map/n_0_apbo_reg[prdata][2]_i_2                           |                                                                         |                                                              |                2 |              3 |
|  clkgen0/xc7l.v/O1                                                   | apb0/O17[0]                                                             | reset_in                                                     |                1 |              4 |
|  ahbjtaggen0.ahbjtag0/gtckbuf.tckbuf/xil.xil0/O1                     |                                                                         | reset_in                                                     |                2 |              4 |
|  clkgen0/xc7l.v/O1                                                   | apb0/v[ctrl][txen]                                                      | eth0.e1/m100.u0/ethc0/tx_rmii1.tx0/tx_rst/O1                 |                4 |              4 |
|  clkgen0/xc7l.v/O1                                                   | apb0/v[rxen]                                                            | reset_in                                                     |                2 |              4 |
|  clkgen0/xc7l.v/O1                                                   | eth0.e1/m100.u0/ethc0/n_0_r[capbil][4]_i_1                              |                                                              |                2 |              4 |
|  n_0_bufgclk45                                                       | eth0.e1/m100.u0/ethc0/tx_rmii1.tx0/n_0_r_reg[cnt][3]_i_1                | eth0.e1/m100.u0/ethc0/tx_rmii1.tx0/tx_rst/SR[0]              |                2 |              4 |
|  clkgen0/xc7l.v/O1                                                   | eth0.e1/m100.u0/ethc0/n_0_r[ecnt][3]_i_1                                | reset_in                                                     |                2 |              4 |
|  n_0_bufgclk45                                                       | eth0.e1/m100.u0/ethc0/tx_rmii1.tx0/n_0_r[rcnt][3]_i_1                   |                                                              |                1 |              4 |
|  n_0_bufgclk45                                                       | eth0.e1/m100.u0/ethc0/tx_rmii1.tx0/dv12_in                              | eth0.e1/m100.u0/ethc0/rx_rmii1.rx0/n_0_r[rxdp][3]_i_1        |                1 |              4 |
|  clkgen0/xc7l.v/O1                                                   | mg2.sr1/n_0_r[ws][3]_i_1                                                | reset_in                                                     |                2 |              4 |
|  clkgen0/xc7l.v/O1                                                   | leon3gen.dsugen.dsu0/x0/n_0_r[be][0]_i_1                                | reset_in                                                     |                1 |              4 |
|  clkgen0/xc7l.v/O1                                                   | leon3gen.cpu[0].u0/leon3x0/p0/c0mmu/dcache0/O76                         | leon3gen.cpu[0].u0/leon3x0/p0/iu/n_0_r[x][data][1][3]_i_1    |                1 |              4 |
|  clkgen0/xc7l.v/O1                                                   | leon3gen.cpu[0].u0/leon3x0/p0/iu/n_0_r[w][s][pil][3]_i_1                |                                                              |                3 |              4 |
|  clkgen0/xc7l.v/O1                                                   | leon3gen.cpu[0].u0/leon3x0/p0/c0mmu/dcache0/O225[0]                     |                                                              |                2 |              4 |
|  clkgen0/xc7l.v/O1                                                   | leon3gen.cpu[0].u0/leon3x0/p0/c0mmu/icache0/n_0_r[vaddress][3]_i_1      |                                                              |                1 |              4 |
|  clkgen0/xc7l.v/O1                                                   | leon3gen.cpu[0].u0/leon3x0/p0/iu/n_0_r[w][s][icc][3]_i_1                |                                                              |                2 |              4 |
|  n_0_bufgclk45                                                       | eth0.e1/m100.u0/ethc0/tx_rmii1.tx0/n_0_r[retry_cnt][4]_i_1              | eth0.e1/m100.u0/n_0_FSM_onehot_r[def_state][5]_i_1           |                2 |              5 |
|  clkgen0/xc7l.v/O1                                                   | ua1.uart1/n_0_FSM_onehot_r[rxstate][4]_i_1                              | reset_in                                                     |                3 |              5 |
|  clkgen0/xc7l.v/O1                                                   | leon3gen.cpu[0].u0/leon3x0/p0/mgen.div0/n_0_r[cnt][4]_i_1               | leon3gen.cpu[0].u0/leon3x0/p0/c0mmu/dcache0/SR[0]            |                2 |              5 |
|  clkgen0/xc7l.v/O1                                                   |                                                                         | ahb0/n_0_r[hrdatam][24]_i_1                                  |                2 |              5 |
|  clkgen0/xc7l.v/O1                                                   | eth0.e1/m100.u0/ethc0/n_0_r[cnt][4]_i_1__0                              | reset_in                                                     |                4 |              5 |
|  clkgen0/xc7l.v/O1                                                   | eth0.e1/m100.u0/ethc0/n_0_r[mdio_ctrl][regadr][4]_i_1                   | reset_in                                                     |                3 |              5 |
|  clkgen0/xc7l.v/O1                                                   | apb0/O97                                                                | reset_in                                                     |                2 |              5 |
|  clkgen0/xc7l.v/O1                                                   | ahb0/O62                                                                |                                                              |                3 |              5 |
|  clkgen0/xc7l.v/O1                                                   | apb0/E[0]                                                               | reset_in                                                     |                3 |              6 |
|  clkgen0/xc7l.v/O1                                                   | eth0.e1/m100.u0/ethc0/n_0_FSM_onehot_r[regaddr][5]_i_1                  | reset_in                                                     |                2 |              6 |
|  clkgen0/xc7l.v/O1                                                   | eth0.e1/m100.u0/ethc0/n_0_FSM_onehot_r[duplexstate][5]_i_1              | reset_in                                                     |                3 |              6 |
|  n_0_bufgclk45                                                       | eth0.e1/m100.u0/ethc0/tx_rmii1.tx0/n_0_FSM_onehot_r[def_state][5]_i_2   | eth0.e1/m100.u0/n_0_FSM_onehot_r[def_state][5]_i_1           |                4 |              6 |
|  clkgen0/xc7l.v/O1                                                   | apb0/O126[0]                                                            | reset_in                                                     |                3 |              6 |
|  n_0_bufgclk45                                                       |                                                                         | eth0.e1/m100.u0/ethc0/tx_rmii1.tx0/tx_rst/O1                 |                1 |              6 |
|  clkgen0/xc7l.v/O1                                                   | ua1.uart1/n_0_r[irqcnt][5]_i_1                                          | reset_in                                                     |                2 |              6 |
|  clkgen0/xc7l.v/O1                                                   | leon3gen.cpu[0].u0/leon3x0/p0/mgen.div0/n_0_FSM_onehot_r[state][5]_i_2  | leon3gen.cpu[0].u0/leon3x0/p0/iu/SS[0]                       |                2 |              6 |
|  clkgen0/xc7l.v/O1                                                   |                                                                         | rst0/O2                                                      |                2 |              6 |
|  clkgen0/xc7l.v/O1                                                   | apb0/O17[0]                                                             |                                                              |                3 |              6 |
|  clkgen0/xc7l.v/O1                                                   | leon3gen.cpu[0].u0/leon3x0/p0/c0mmu/dcache0/O77                         | leon3gen.cpu[0].u0/leon3x0/p0/c0mmu/dcache0/O110             |                3 |              6 |
|  clkgen0/xc7l.v/O1                                                   | eth0.e1/m100.u0/ethc0/n_0_r[rcntm][6]_i_1                               | reset_in                                                     |                7 |              7 |
|  clkgen0/xc7l.v/O1                                                   | leon3gen.dsugen.dsu0/x0/O18[0]                                          |                                                              |                3 |              7 |
|  clkgen0/xc7l.v/O1                                                   | apb0/O143[0]                                                            | eth0.e1/m100.u0/ethc0/tx_rmii1.tx0/tx_rst/O1                 |                3 |              7 |
|  clkgen0/xc7l.v/O1                                                   | leon3gen.dsugen.dsu0/x0/n_0_tb0.tr[aindex][6]_i_1                       |                                                              |                3 |              7 |
|  clkgen0/xc7l.v/O1                                                   | leon3gen.dsugen.dsu0/x0/n_0_tb0.tr[delaycnt][6]_i_1                     |                                                              |                2 |              7 |
|  clkgen0/xc7l.v/O1                                                   | apb0/O142[0]                                                            | eth0.e1/m100.u0/ethc0/tx_rmii1.tx0/tx_rst/O1                 |                2 |              7 |
|  clkgen0/xc7l.v/O1                                                   | eth0.e1/m100.u0/ethc0/n_0_r[rcntl][6]_i_1                               | reset_in                                                     |                6 |              7 |
|  clkgen0/xc7l.v/O1                                                   | leon3gen.cpu[0].u0/leon3x0/p0/iu/O195[0]                                | leon3gen.cpu[0].u0/leon3x0/p0/c0mmu/dcache0/SR[0]            |                4 |              7 |
|  clkgen0/xc7l.v/O1                                                   | eth0.e1/m100.u0/ethc0/n_0_r[tfrpnt][6]_i_1                              | reset_in                                                     |                2 |              7 |
|  clkgen0/xc7l.v/O1                                                   | eth0.e1/m100.u0/ethc0/ahb0/O5[0]                                        | reset_in                                                     |                2 |              7 |
|  n_0_bufgclk45                                                       | eth0.e1/m100.u0/ethc0/tx_rmii1.tx0/n_0_r[slot_count][6]_i_1             | eth0.e1/m100.u0/n_0_FSM_onehot_r[def_state][5]_i_1           |                2 |              7 |
|  apb0/O16[0]                                                         |                                                                         |                                                              |                4 |              7 |
|  clkgen0/xc7l.v/O1                                                   | leon3gen.cpu[0].u0/leon3x0/p0/c0mmu/dcache0/n_0_r[faddr][7]_i_2         | leon3gen.cpu[0].u0/leon3x0/p0/iu/O177[0]                     |                3 |              8 |
|  clkgen0/xc7l.v/O1                                                   | apb0/O133[0]                                                            |                                                              |                1 |              8 |
|  clkgen0/xc7l.v/O1                                                   | apb0/O128[0]                                                            | reset_in                                                     |                5 |              8 |
|  clkgen0/xc7l.v/O1                                                   | leon3gen.cpu[0].u0/leon3x0/p0/c0mmu/icache0/E[0]                        |                                                              |                5 |              8 |
|  Bufferapb_map/circular_buffer_comp/n_0_tail_reg[7]_i_2              |                                                                         | reset_in                                                     |                3 |              8 |
|  clkgen0/xc7l.v/O1                                                   | leon3gen.cpu[0].u0/leon3x0/p0/c0mmu/icache0/n_0_r[valid][0][3]_i_1      |                                                              |                4 |              8 |
|  apb0/O125[0]                                                        |                                                                         |                                                              |                3 |              8 |
| ~ahbjtaggen0.ahbjtag0/gtckbuf.tckbuf/xil.xil0/O1                     | ahbjtaggen0.ahbjtag0/newcom.jtagcom0/n_0_tnr[addrlo][9]_i_1             |                                                              |                2 |              8 |
|  clkgen0/xc7l.v/O1                                                   | apb0/O101[0]                                                            | reset_in                                                     |                3 |              8 |
|  clkgen0/xc7l.v/O1                                                   | leon3gen.cpu[0].u0/leon3x0/p0/iu/n_0_r[w][s][tt][7]_i_1                 | leon3gen.cpu[0].u0/leon3x0/p0/c0mmu/dcache0/O80              |                5 |              8 |
|  clkgen0/xc7l.v/O1                                                   | leon3gen.cpu[0].u0/leon3x0/p0/c0mmu/dcache0/O76                         | leon3gen.cpu[0].u0/leon3x0/p0/c0mmu/dcache0/O179             |                3 |              8 |
|  clkgen0/xc7l.v/O1                                                   | leon3gen.cpu[0].u0/leon3x0/p0/iu/O70[0]                                 |                                                              |                5 |              8 |
|  clkgen0/xc7l.v/O1                                                   | apb0/O29[0]                                                             | reset_in                                                     |                2 |              8 |
|  clkgen0/xc7l.v/O1                                                   | apb0/O30[0]                                                             | reset_in                                                     |                4 |              8 |
|  clkgen0/xc7l.v/O1                                                   | apb0/O41[0]                                                             |                                                              |                3 |              8 |
|  clkgen0/xc7l.v/O1                                                   | ua1.uart1/n_0_r[rshift][7]_i_1                                          |                                                              |                3 |              8 |
|  clkgen0/xc7l.v/O1                                                   | eth0.e1/m100.u0/ethc0/ahb0/O7[0]                                        | eth0.e1/m100.u0/ethc0/tx_rmii1.tx0/tx_rst/O1                 |                4 |              8 |
|  clkgen0/xc7l.v/O1                                                   | leon3gen.dsugen.dsu0/x0/O76[0]                                          |                                                              |                4 |              8 |
|  clkgen0/xc7l.v/O1                                                   | mg2.sr1/n_0_r[writedata8][15]_i_2                                       | mg2.sr1/n_0_r[writedata8][15]_i_1                            |                4 |              8 |
|  clkgen0/xc7l.v/O1                                                   | mg2.sr1/n_0_r[writedata8][15]_i_2                                       | mg2.sr1/n_0_r[writedata8][7]_i_1                             |                2 |              8 |
|  clkgen0/xc7l.v/O1                                                   | ahb0/E[0]                                                               | reset_in                                                     |                6 |              9 |
|  n_0_bufgclk45                                                       | eth0.e1/m100.u0/ethc0/tx_rmii1.tx0/n_0_r[ifg_cycls][8]_i_1              | eth0.e1/m100.u0/n_0_FSM_onehot_r[def_state][5]_i_1           |                4 |              9 |
|  clkgen0/xc7l.v/O1                                                   | leon3gen.cpu[0].u0/leon3x0/p0/c0mmu/icache0/O6                          | leon3gen.cpu[0].u0/leon3x0/p0/iu/O170[0]                     |                4 |              9 |
|  clkgen0/xc7l.v/O1                                                   | apb0/v[rxen]                                                            |                                                              |                3 |              9 |
|  n_0_bufgclk45                                                       | eth0.e1/m100.u0/ethc0/tx_rmii1.tx0/n_0_r[delay_val][9]_i_2              | eth0.e1/m100.u0/ethc0/tx_rmii1.tx0/tx_rst/SR[0]              |                6 |             10 |
|  n_0_bufgclk45                                                       | eth0.e1/m100.u0/ethc0/rx_rmii1.rx0/n_0_FSM_onehot_r[rx_state][9]_i_1    | eth0.e1/m100.u0/n_0_FSM_onehot_r[def_state][5]_i_1           |                7 |             10 |
|  n_0_bufgclk45                                                       | eth0.e1/m100.u0/ethc0/rx_rmii1.rx0/n_0_r[byte_count][10]_i_1__0         | eth0.e1/m100.u0/n_0_FSM_onehot_r[def_state][5]_i_1           |                8 |             11 |
|  clkgen0/xc7l.v/O1                                                   | eth0.e1/m100.u0/ethc0/n_0_r[txlength][10]_i_1                           |                                                              |                6 |             11 |
|  n_0_bufgclk45                                                       | eth0.e1/m100.u0/ethc0/tx_rmii1.tx0/n_0_r[byte_count][10]_i_2            | eth0.e1/m100.u0/ethc0/tx_rmii1.tx0/n_0_r[byte_count][10]_i_1 |                5 |             11 |
|  clkgen0/xc7l.v/O1                                                   | eth0.e1/m100.u0/ethc0/n_0_r[rxcnt][10]_i_1                              | reset_in                                                     |                5 |             11 |
|  clkgen0/xc7l.v/O1                                                   | eth0.e1/m100.u0/ethc0/n_0_FSM_onehot_r[mdio_state][11]_i_1              | reset_in                                                     |                3 |             12 |
|  clkgen0/xc7l.v/O1                                                   | eth0.e1/m100.u0/ethc0/ahb0/O6                                           |                                                              |                6 |             12 |
|  clkgen0/xc7l.v/O1                                                   | apb0/O139                                                               |                                                              |                4 |             12 |
|  clkgen0/xc7l.v/O1                                                   | ua1.uart1/n_0_r[scaler][11]_i_1                                         |                                                              |                4 |             12 |
|  Bufferapb_map/circular_buffer_comp/n_0_circ_buffer_reg[100][13]_i_1 |                                                                         |                                                              |                8 |             14 |
|  Bufferapb_map/circular_buffer_comp/n_0_circ_buffer_reg[16][13]_i_1  |                                                                         |                                                              |               10 |             14 |
|  Bufferapb_map/circular_buffer_comp/n_0_circ_buffer_reg[2][13]_i_1   |                                                                         | reset_in                                                     |                7 |             14 |
|  Bufferapb_map/circular_buffer_comp/n_0_circ_buffer_reg[17][13]_i_1  |                                                                         |                                                              |                9 |             14 |
|  Bufferapb_map/circular_buffer_comp/n_0_circ_buffer_reg[29][13]_i_1  |                                                                         |                                                              |                8 |             14 |
|  Bufferapb_map/circular_buffer_comp/n_0_circ_buffer_reg[18][13]_i_1  |                                                                         |                                                              |               11 |             14 |
|  Bufferapb_map/circular_buffer_comp/n_0_circ_buffer_reg[28][13]_i_1  |                                                                         |                                                              |                8 |             14 |
|  Bufferapb_map/circular_buffer_comp/n_0_circ_buffer_reg[19][13]_i_1  |                                                                         |                                                              |                9 |             14 |
|  Bufferapb_map/circular_buffer_comp/n_0_circ_buffer_reg[1][13]_i_1   |                                                                         | reset_in                                                     |                9 |             14 |
|  Bufferapb_map/circular_buffer_comp/n_0_circ_buffer_reg[20][13]_i_1  |                                                                         |                                                              |                7 |             14 |
|  Bufferapb_map/circular_buffer_comp/n_0_circ_buffer_reg[21][13]_i_1  |                                                                         |                                                              |                8 |             14 |
|  Bufferapb_map/circular_buffer_comp/n_0_circ_buffer_reg[22][13]_i_1  |                                                                         |                                                              |                7 |             14 |
|  Bufferapb_map/circular_buffer_comp/n_0_circ_buffer_reg[101][13]_i_1 |                                                                         |                                                              |                8 |             14 |
|  Bufferapb_map/circular_buffer_comp/n_0_circ_buffer_reg[27][13]_i_1  |                                                                         |                                                              |                8 |             14 |
|  Bufferapb_map/circular_buffer_comp/n_0_circ_buffer_reg[26][13]_i_1  |                                                                         |                                                              |                9 |             14 |
|  Bufferapb_map/circular_buffer_comp/n_0_circ_buffer_reg[23][13]_i_1  |                                                                         |                                                              |                6 |             14 |
|  Bufferapb_map/circular_buffer_comp/n_0_circ_buffer_reg[25][13]_i_1  |                                                                         |                                                              |                9 |             14 |
|  Bufferapb_map/circular_buffer_comp/n_0_circ_buffer_reg[24][13]_i_1  |                                                                         |                                                              |                7 |             14 |
|  clk_BUFG                                                            | XADC_component/XADC_component/drdy_out                                  | reset_in                                                     |                5 |             14 |
|  Bufferapb_map/circular_buffer_comp/n_0_circ_buffer_reg[104][13]_i_1 |                                                                         |                                                              |                6 |             14 |
|  Bufferapb_map/circular_buffer_comp/n_0_circ_buffer_reg[118][13]_i_1 |                                                                         |                                                              |                8 |             14 |
|  Bufferapb_map/circular_buffer_comp/n_0_circ_buffer_reg[117][13]_i_1 |                                                                         |                                                              |                8 |             14 |
|  Bufferapb_map/circular_buffer_comp/n_0_circ_buffer_reg[105][13]_i_1 |                                                                         |                                                              |                5 |             14 |
|  Bufferapb_map/circular_buffer_comp/n_0_circ_buffer_reg[116][13]_i_1 |                                                                         |                                                              |                7 |             14 |
|  Bufferapb_map/circular_buffer_comp/n_0_circ_buffer_reg[115][13]_i_1 |                                                                         |                                                              |                8 |             14 |
|  Bufferapb_map/circular_buffer_comp/n_0_circ_buffer_reg[114][13]_i_1 |                                                                         |                                                              |                8 |             14 |
|  Bufferapb_map/circular_buffer_comp/n_0_circ_buffer_reg[113][13]_i_1 |                                                                         |                                                              |                8 |             14 |
|  Bufferapb_map/circular_buffer_comp/n_0_circ_buffer_reg[112][13]_i_1 |                                                                         |                                                              |                7 |             14 |
|  Bufferapb_map/circular_buffer_comp/n_0_circ_buffer_reg[111][13]_i_1 |                                                                         |                                                              |                6 |             14 |
|  Bufferapb_map/circular_buffer_comp/n_0_circ_buffer_reg[110][13]_i_1 |                                                                         |                                                              |                8 |             14 |
|  Bufferapb_map/circular_buffer_comp/n_0_circ_buffer_reg[106][13]_i_1 |                                                                         |                                                              |                6 |             14 |
|  Bufferapb_map/circular_buffer_comp/n_0_circ_buffer_reg[10][13]_i_1  |                                                                         | reset_in                                                     |               10 |             14 |
|  Bufferapb_map/circular_buffer_comp/n_0_circ_buffer_reg[109][13]_i_1 |                                                                         |                                                              |                6 |             14 |
|  Bufferapb_map/circular_buffer_comp/n_0_circ_buffer_reg[108][13]_i_1 |                                                                         |                                                              |                6 |             14 |
|  Bufferapb_map/circular_buffer_comp/n_0_circ_buffer_reg[107][13]_i_1 |                                                                         |                                                              |                6 |             14 |
|  Bufferapb_map/circular_buffer_comp/n_0_circ_buffer_reg[15][13]_i_1  |                                                                         |                                                              |                9 |             14 |
|  Bufferapb_map/circular_buffer_comp/n_0_circ_buffer_reg[102][13]_i_1 |                                                                         |                                                              |                8 |             14 |
|  Bufferapb_map/circular_buffer_comp/n_0_circ_buffer_reg[14][13]_i_1  |                                                                         |                                                              |                7 |             14 |
|  Bufferapb_map/circular_buffer_comp/n_0_circ_buffer_reg[13][13]_i_1  |                                                                         | reset_in                                                     |                8 |             14 |
|  Bufferapb_map/circular_buffer_comp/n_0_circ_buffer_reg[12][13]_i_1  |                                                                         | reset_in                                                     |                9 |             14 |
|  Bufferapb_map/circular_buffer_comp/n_0_circ_buffer_reg[127][13]_i_1 |                                                                         |                                                              |                9 |             14 |
|  Bufferapb_map/circular_buffer_comp/n_0_circ_buffer_reg[126][13]_i_1 |                                                                         |                                                              |                7 |             14 |
|  Bufferapb_map/circular_buffer_comp/n_0_circ_buffer_reg[125][13]_i_1 |                                                                         |                                                              |                7 |             14 |
|  Bufferapb_map/circular_buffer_comp/n_0_circ_buffer_reg[124][13]_i_1 |                                                                         |                                                              |                9 |             14 |
|  Bufferapb_map/circular_buffer_comp/n_0_circ_buffer_reg[123][13]_i_1 |                                                                         |                                                              |                7 |             14 |
|  Bufferapb_map/circular_buffer_comp/n_0_circ_buffer_reg[122][13]_i_1 |                                                                         |                                                              |               11 |             14 |
|  Bufferapb_map/circular_buffer_comp/n_0_circ_buffer_reg[121][13]_i_1 |                                                                         |                                                              |                7 |             14 |
|  clkgen0/xc7l.v/O1                                                   | eth0.e1/m100.u0/ethc0/n_0_r[seq][0]_i_1                                 | reset_in                                                     |                4 |             14 |
|  Bufferapb_map/circular_buffer_comp/n_0_circ_buffer_reg[120][13]_i_1 |                                                                         |                                                              |                8 |             14 |
|  Bufferapb_map/circular_buffer_comp/n_0_circ_buffer_reg[11][13]_i_1  |                                                                         | reset_in                                                     |                8 |             14 |
|  Bufferapb_map/circular_buffer_comp/n_0_circ_buffer_reg[103][13]_i_1 |                                                                         |                                                              |                5 |             14 |
|  Bufferapb_map/circular_buffer_comp/n_0_circ_buffer_reg[119][13]_i_1 |                                                                         |                                                              |                7 |             14 |
|  Bufferapb_map/circular_buffer_comp/n_0_circ_buffer_reg[69][13]_i_1  |                                                                         |                                                              |                8 |             14 |
|  Bufferapb_map/circular_buffer_comp/n_0_circ_buffer_reg[6][13]_i_1   |                                                                         | reset_in                                                     |                8 |             14 |
|  Bufferapb_map/circular_buffer_comp/n_0_circ_buffer_reg[70][13]_i_1  |                                                                         |                                                              |                6 |             14 |
|  Bufferapb_map/circular_buffer_comp/n_0_circ_buffer_reg[71][13]_i_1  |                                                                         |                                                              |                5 |             14 |
|  Bufferapb_map/circular_buffer_comp/n_0_circ_buffer_reg[72][13]_i_1  |                                                                         |                                                              |                6 |             14 |
|  Bufferapb_map/circular_buffer_comp/n_0_circ_buffer_reg[73][13]_i_1  |                                                                         |                                                              |                6 |             14 |
|  Bufferapb_map/circular_buffer_comp/n_0_circ_buffer_reg[74][13]_i_1  |                                                                         |                                                              |                5 |             14 |
|  Bufferapb_map/circular_buffer_comp/n_0_circ_buffer_reg[75][13]_i_1  |                                                                         |                                                              |                5 |             14 |
|  Bufferapb_map/circular_buffer_comp/n_0_circ_buffer_reg[76][13]_i_1  |                                                                         |                                                              |                6 |             14 |
|  Bufferapb_map/circular_buffer_comp/n_0_circ_buffer_reg[77][13]_i_1  |                                                                         |                                                              |                7 |             14 |
|  Bufferapb_map/circular_buffer_comp/n_0_circ_buffer_reg[78][13]_i_1  |                                                                         |                                                              |                5 |             14 |
|  Bufferapb_map/circular_buffer_comp/n_0_circ_buffer_reg[79][13]_i_1  |                                                                         |                                                              |                4 |             14 |
|  Bufferapb_map/circular_buffer_comp/n_0_circ_buffer_reg[7][13]_i_1   |                                                                         | reset_in                                                     |                8 |             14 |
|  Bufferapb_map/circular_buffer_comp/n_0_circ_buffer_reg[80][13]_i_1  |                                                                         |                                                              |               10 |             14 |
|  Bufferapb_map/circular_buffer_comp/n_0_circ_buffer_reg[81][13]_i_1  |                                                                         |                                                              |                9 |             14 |
|  Bufferapb_map/circular_buffer_comp/n_0_circ_buffer_reg[82][13]_i_1  |                                                                         |                                                              |               10 |             14 |
|  Bufferapb_map/circular_buffer_comp/n_0_circ_buffer_reg[83][13]_i_1  |                                                                         |                                                              |                9 |             14 |
|  Bufferapb_map/circular_buffer_comp/n_0_circ_buffer_reg[84][13]_i_1  |                                                                         |                                                              |               10 |             14 |
|  Bufferapb_map/circular_buffer_comp/n_0_circ_buffer_reg[85][13]_i_1  |                                                                         |                                                              |               11 |             14 |
|  Bufferapb_map/circular_buffer_comp/n_0_circ_buffer_reg[86][13]_i_1  |                                                                         |                                                              |                9 |             14 |
|  Bufferapb_map/circular_buffer_comp/n_0_circ_buffer_reg[87][13]_i_1  |                                                                         |                                                              |                9 |             14 |
|  Bufferapb_map/circular_buffer_comp/n_0_circ_buffer_reg[88][13]_i_1  |                                                                         |                                                              |                9 |             14 |
|  Bufferapb_map/circular_buffer_comp/n_0_circ_buffer_reg[89][13]_i_1  |                                                                         |                                                              |                9 |             14 |
|  Bufferapb_map/circular_buffer_comp/n_0_circ_buffer_reg[47][13]_i_1  |                                                                         |                                                              |                8 |             14 |
|  Bufferapb_map/circular_buffer_comp/n_0_circ_buffer_reg[48][13]_i_1  |                                                                         |                                                              |               10 |             14 |
|  Bufferapb_map/circular_buffer_comp/n_0_circ_buffer_reg[49][13]_i_1  |                                                                         |                                                              |               10 |             14 |
|  Bufferapb_map/circular_buffer_comp/n_0_circ_buffer_reg[4][13]_i_1   |                                                                         | reset_in                                                     |                8 |             14 |
|  Bufferapb_map/circular_buffer_comp/n_0_circ_buffer_reg[50][13]_i_1  |                                                                         |                                                              |                9 |             14 |
|  Bufferapb_map/circular_buffer_comp/n_0_circ_buffer_reg[51][13]_i_1  |                                                                         |                                                              |                9 |             14 |
|  Bufferapb_map/circular_buffer_comp/n_0_circ_buffer_reg[52][13]_i_1  |                                                                         |                                                              |                9 |             14 |
|  Bufferapb_map/circular_buffer_comp/n_0_circ_buffer_reg[53][13]_i_1  |                                                                         |                                                              |               12 |             14 |
|  Bufferapb_map/circular_buffer_comp/n_0_circ_buffer_reg[54][13]_i_1  |                                                                         |                                                              |                9 |             14 |
|  Bufferapb_map/circular_buffer_comp/n_0_circ_buffer_reg[55][13]_i_1  |                                                                         |                                                              |               10 |             14 |
|  Bufferapb_map/circular_buffer_comp/n_0_circ_buffer_reg[56][13]_i_1  |                                                                         |                                                              |                7 |             14 |
|  Bufferapb_map/circular_buffer_comp/n_0_circ_buffer_reg[57][13]_i_1  |                                                                         |                                                              |                9 |             14 |
|  Bufferapb_map/circular_buffer_comp/n_0_circ_buffer_reg[58][13]_i_1  |                                                                         |                                                              |                9 |             14 |
|  Bufferapb_map/circular_buffer_comp/n_0_circ_buffer_reg[59][13]_i_1  |                                                                         |                                                              |                9 |             14 |
|  Bufferapb_map/circular_buffer_comp/n_0_circ_buffer_reg[5][13]_i_1   |                                                                         | reset_in                                                     |                7 |             14 |
|  Bufferapb_map/circular_buffer_comp/n_0_circ_buffer_reg[60][13]_i_1  |                                                                         |                                                              |               10 |             14 |
|  Bufferapb_map/circular_buffer_comp/n_0_circ_buffer_reg[61][13]_i_1  |                                                                         |                                                              |               10 |             14 |
|  Bufferapb_map/circular_buffer_comp/n_0_circ_buffer_reg[62][13]_i_1  |                                                                         |                                                              |                8 |             14 |
|  Bufferapb_map/circular_buffer_comp/n_0_circ_buffer_reg[63][13]_i_1  |                                                                         |                                                              |                9 |             14 |
|  Bufferapb_map/circular_buffer_comp/n_0_circ_buffer_reg[64][13]_i_1  |                                                                         |                                                              |                6 |             14 |
|  Bufferapb_map/circular_buffer_comp/n_0_circ_buffer_reg[65][13]_i_1  |                                                                         |                                                              |               10 |             14 |
|  Bufferapb_map/circular_buffer_comp/n_0_circ_buffer_reg[66][13]_i_1  |                                                                         |                                                              |                7 |             14 |
|  Bufferapb_map/circular_buffer_comp/n_0_circ_buffer_reg[67][13]_i_1  |                                                                         |                                                              |                9 |             14 |
|  Bufferapb_map/circular_buffer_comp/n_0_circ_buffer_reg[68][13]_i_1  |                                                                         |                                                              |                5 |             14 |
|  Bufferapb_map/circular_buffer_comp/n_0_output_sample_reg[28]_i_2    |                                                                         | reset_in                                                     |                5 |             14 |
|  Bufferapb_map/circular_buffer_comp/n_0_circ_buffer_reg[46][13]_i_1  |                                                                         |                                                              |                8 |             14 |
|  Bufferapb_map/circular_buffer_comp/n_0_circ_buffer_reg[45][13]_i_1  |                                                                         |                                                              |                7 |             14 |
|  Bufferapb_map/circular_buffer_comp/n_0_circ_buffer_reg[44][13]_i_1  |                                                                         |                                                              |                8 |             14 |
|  Bufferapb_map/circular_buffer_comp/n_0_circ_buffer_reg[43][13]_i_1  |                                                                         |                                                              |                9 |             14 |
|  Bufferapb_map/circular_buffer_comp/n_0_circ_buffer_reg[42][13]_i_1  |                                                                         |                                                              |                7 |             14 |
|  Bufferapb_map/circular_buffer_comp/n_0_circ_buffer_reg[41][13]_i_1  |                                                                         |                                                              |                9 |             14 |
|  Bufferapb_map/circular_buffer_comp/n_0_circ_buffer_reg[40][13]_i_1  |                                                                         |                                                              |                8 |             14 |
|  Bufferapb_map/circular_buffer_comp/n_0_circ_buffer_reg[3][13]_i_1   |                                                                         | reset_in                                                     |                9 |             14 |
|  Bufferapb_map/circular_buffer_comp/n_0_circ_buffer_reg[39][13]_i_1  |                                                                         |                                                              |                7 |             14 |
|  Bufferapb_map/circular_buffer_comp/n_0_circ_buffer_reg[38][13]_i_1  |                                                                         |                                                              |                9 |             14 |
|  Bufferapb_map/circular_buffer_comp/n_0_circ_buffer_reg[0][13]_i_1   |                                                                         | reset_in                                                     |               10 |             14 |
|  Bufferapb_map/circular_buffer_comp/n_0_circ_buffer_reg[37][13]_i_1  |                                                                         |                                                              |                8 |             14 |
|  Bufferapb_map/circular_buffer_comp/n_0_circ_buffer_reg[36][13]_i_1  |                                                                         |                                                              |                9 |             14 |
|  Bufferapb_map/circular_buffer_comp/n_0_circ_buffer_reg[35][13]_i_1  |                                                                         |                                                              |                9 |             14 |
|  Bufferapb_map/circular_buffer_comp/n_0_circ_buffer_reg[34][13]_i_1  |                                                                         |                                                              |                9 |             14 |
|  Bufferapb_map/circular_buffer_comp/n_0_circ_buffer_reg[33][13]_i_1  |                                                                         |                                                              |                8 |             14 |
|  Bufferapb_map/circular_buffer_comp/n_0_circ_buffer_reg[32][13]_i_1  |                                                                         |                                                              |                8 |             14 |
|  Bufferapb_map/circular_buffer_comp/n_0_circ_buffer_reg[31][13]_i_1  |                                                                         |                                                              |                6 |             14 |
|  Bufferapb_map/circular_buffer_comp/n_0_circ_buffer_reg[30][13]_i_1  |                                                                         |                                                              |               10 |             14 |
|  Bufferapb_map/circular_buffer_comp/n_0_circ_buffer_reg[92][13]_i_1  |                                                                         |                                                              |                9 |             14 |
|  Bufferapb_map/circular_buffer_comp/n_0_circ_buffer_reg[91][13]_i_1  |                                                                         |                                                              |                7 |             14 |
|  Bufferapb_map/circular_buffer_comp/n_0_circ_buffer_reg[90][13]_i_1  |                                                                         |                                                              |                8 |             14 |
|  Bufferapb_map/circular_buffer_comp/n_0_circ_buffer_reg[93][13]_i_1  |                                                                         |                                                              |                8 |             14 |
|  Bufferapb_map/circular_buffer_comp/n_0_circ_buffer_reg[94][13]_i_1  |                                                                         |                                                              |                8 |             14 |
|  Bufferapb_map/circular_buffer_comp/n_0_circ_buffer_reg[95][13]_i_1  |                                                                         |                                                              |                7 |             14 |
|  Bufferapb_map/circular_buffer_comp/n_0_circ_buffer_reg[96][13]_i_1  |                                                                         |                                                              |                6 |             14 |
|  Bufferapb_map/circular_buffer_comp/n_0_circ_buffer_reg[97][13]_i_1  |                                                                         |                                                              |                7 |             14 |
|  Bufferapb_map/circular_buffer_comp/n_0_circ_buffer_reg[9][13]_i_1   |                                                                         | reset_in                                                     |               10 |             14 |
|  Bufferapb_map/circular_buffer_comp/n_0_circ_buffer_reg[99][13]_i_1  |                                                                         |                                                              |                7 |             14 |
|  Bufferapb_map/circular_buffer_comp/n_0_circ_buffer_reg[8][13]_i_1   |                                                                         | reset_in                                                     |                8 |             14 |
|  Bufferapb_map/circular_buffer_comp/n_0_circ_buffer_reg[98][13]_i_1  |                                                                         |                                                              |                7 |             14 |
|  clkgen0/xc7l.v/O1                                                   | apb0/O106[0]                                                            |                                                              |                4 |             15 |
|  clkgen0/xc7l.v/O1                                                   | apb0/O112[0]                                                            | reset_in                                                     |                6 |             15 |
|  clkgen0/xc7l.v/O1                                                   | eth0.e1/m100.u0/ethc0/n_0_FSM_onehot_r[edclrstate][14]_i_1              | eth0.e1/m100.u0/ethc0/tx_rmii1.tx0/tx_rst/O1                 |                6 |             15 |
|  n_0_bufgclk45                                                       | eth0.e1/m100.u0/ethc0/tx_rmii1.tx0/n_0_FSM_onehot_r[main_state][14]_i_1 | eth0.e1/m100.u0/n_0_FSM_onehot_r[def_state][5]_i_1           |                7 |             15 |
|  clkgen0/xc7l.v/O1                                                   |                                                                         | PWMapb_map/PWM_module/O2                                     |                7 |             15 |
|  n_0_bufgclk45                                                       |                                                                         | eth0.e1/m100.u0/n_0_FSM_onehot_r[def_state][5]_i_1           |                5 |             16 |
|  n_0_bufgclk45                                                       | eth0.e1/m100.u0/ethc0/rx_rmii1.rx0/n_0_r[lentype][15]_i_1               | eth0.e1/m100.u0/n_0_FSM_onehot_r[def_state][5]_i_1           |                4 |             16 |
|  clkgen0/xc7l.v/O1                                                   | eth0.e1/m100.u0/ethc0/n_0_r[rmsto][data][18]_i_1                        | eth0.e1/m100.u0/ethc0/n_0_r[rmsto][data][31]_i_1             |                5 |             16 |
|  clkgen0/xc7l.v/O1                                                   | eth0.e1/m100.u0/ethc0/n_0_r[rmsto][data][18]_i_1                        |                                                              |                5 |             16 |
|  Bufferapb_map/output_select                                         |                                                                         | reset_in                                                     |               15 |             16 |
|  clkgen0/xc7l.v/O1                                                   | mg2.sr1/r_reg[readdata]0                                                |                                                              |                6 |             16 |
|  clkgen0/xc7l.v/O1                                                   | apb0/O18[0]                                                             | reset_in                                                     |                5 |             16 |
|  clkgen0/xc7l.v/O1                                                   | eth0.e1/m100.u0/ethc0/n_0_r[udpsrc][15]_i_1                             | reset_in                                                     |               13 |             16 |
|  clkgen0/xc7l.v/O1                                                   | eth0.e1/m100.u0/ethc0/n_0_r[ipcrc][17]_i_1                              |                                                              |                8 |             18 |
|  clkgen0/xc7l.v/O1                                                   | eth0.e1/m100.u0/ethc0/ahb0/O6                                           | eth0.e1/m100.u0/ethc0/ahb0/O24                               |               12 |             20 |
|  clkgen0/xc7l.v/O1                                                   | leon3gen.cpu[0].u0/leon3x0/p0/iu/n_0_r[w][s][tba][19]_i_1               | leon3gen.cpu[0].u0/leon3x0/p0/c0mmu/dcache0/O80              |                6 |             20 |
|  clkgen0/xc7l.v/O1                                                   | apb0/O94[0]                                                             |                                                              |                5 |             22 |
|  clkgen0/xc7l.v/O1                                                   | eth0.e1/m100.u0/ethc0/v[ewr]                                            | reset_in                                                     |               13 |             22 |
|  clkgen0/xc7l.v/O1                                                   | apb0/O95[0]                                                             |                                                              |               10 |             22 |
|  clkgen0/xc7l.v/O1                                                   | eth0.e1/m100.u0/ethc0/n_0_r[rxbytecount][10]_i_1                        | reset_in                                                     |                6 |             22 |
|  clkgen0/xc7l.v/O1                                                   | leon3gen.cpu[0].u0/leon3x0/p0/c0mmu/dcache0/O246                        |                                                              |               15 |             23 |
|  clkgen0/xc7l.v/O1                                                   |                                                                         | leon3gen.cpu[0].u0/leon3x0/p0/c0mmu/dcache0/SR[0]            |               15 |             24 |
|  Bufferapb_map/n_0_apbo_reg[prdata][28]_i_1                          |                                                                         |                                                              |               12 |             26 |
|  clkgen0/xc7l.v/O1                                                   |                                                                         | eth0.e1/m100.u0/ethc0/tx_rmii1.tx0/tx_rst/O1                 |               16 |             28 |
|  clkgen0/xc7l.v/O1                                                   | leon3gen.cpu[0].u0/leon3x0/p0/c0mmu/icache0/n_0_r[waddress][22]_i_1     |                                                              |               12 |             28 |
|  clkgen0/xc7l.v/O1                                                   | eth0.e1/m100.u0/ethc0/n_0_r[txaddr][31]_i_1                             | reset_in                                                     |                9 |             30 |
|  clkgen0/xc7l.v/O1                                                   | eth0.e1/m100.u0/ethc0/n_0_r[rxaddr][31]_i_1                             | reset_in                                                     |               18 |             30 |
|  clkgen0/xc7l.v/O1                                                   | leon3gen.dsugen.dsu0/x0/O71[0]                                          |                                                              |                9 |             30 |
|  clkgen0/xc7l.v/O1                                                   | leon3gen.dsugen.dsu0/x0/O70[0]                                          |                                                              |                9 |             30 |
|  clkgen0/xc7l.v/O1                                                   | leon3gen.dsugen.dsu0/x0/n_0_tb0.tr[tbreg2][addr][31]_i_1                |                                                              |               12 |             30 |
|  clkgen0/xc7l.v/O1                                                   | leon3gen.dsugen.dsu0/x0/n_0_tb0.tr[tbreg1][addr][31]_i_1                |                                                              |                8 |             30 |
|  clkgen0/xc7l.v/O1                                                   | leon3gen.dsugen.dsu0/x0/n_0_r[timer][0]_i_1                             | reset_in                                                     |                8 |             30 |
|  clkgen0/xc7l.v/O1                                                   | leon3gen.cpu[0].u0/leon3x0/p0/c0mmu/dcache0/O78[0]                      |                                                              |               11 |             30 |
|  clkgen0/xc7l.v/O1                                                   | leon3gen.cpu[0].u0/leon3x0/p0/iu/n_0_irreg.ir[addr][31]_i_1             |                                                              |               14 |             30 |
|  clkgen0/xc7l.v/O1                                                   | leon3gen.cpu[0].u0/leon3x0/p0/c0mmu/dcache0/O77                         | leon3gen.cpu[0].u0/leon3x0/p0/c0mmu/dcache0/O80              |               21 |             31 |
|  clkgen0/xc7l.v/O1                                                   | eth0.e1/m100.u0/ethc0/ahb0/E[0]                                         | reset_in                                                     |               18 |             31 |
|  clkgen0/xc7l.v/O1                                                   | eth0.e1/m100.u0/ethc0/ahb0/O4[0]                                        | reset_in                                                     |               13 |             31 |
|  n_0_bufgclk45                                                       | eth0.e1/m100.u0/ethc0/tx_rmii1.tx0/n_0_r[crc][31]_i_2                   | eth0.e1/m100.u0/ethc0/tx_rmii1.tx0/n_0_r[crc][31]_i_1        |               10 |             31 |
|  n_0_bufgclk45                                                       | eth0.e1/m100.u0/ethc0/tx_rmii1.tx0/n_0_r[data][31]_i_1                  |                                                              |               10 |             32 |
|  n_0_bufgclk45                                                       | eth0.e1/m100.u0/ethc0/rx_rmii1.rx0/n_0_r[crc][31]_i_1__0                |                                                              |               13 |             32 |
|  n_0_bufgclk45                                                       | eth0.e1/m100.u0/ethc0/rx_rmii1.rx0/n_0_r[dataout][31]_i_1               |                                                              |               14 |             32 |
|  clkgen0/xc7l.v/O1                                                   | apb0/O98[0]                                                             | reset_in                                                     |               11 |             32 |
|  clkgen0/xc7l.v/O1                                                   | apb0/O28[0]                                                             |                                                              |               10 |             32 |
|  clkgen0/xc7l.v/O1                                                   | apb0/O27[0]                                                             |                                                              |               10 |             32 |
|  clkgen0/xc7l.v/O1                                                   | apb0/O21[0]                                                             |                                                              |               13 |             32 |
|  clkgen0/xc7l.v/O1                                                   | ahbjtaggen0.ahbjtag0/newcom.jtagcom0/n_0_ar[dreg][31]_i_1               | reset_in                                                     |               10 |             32 |
|  clkgen0/xc7l.v/O1                                                   | apb0/n_0_r[pwdata][31]_i_1                                              |                                                              |                7 |             32 |
|  clkgen0/xc7l.v/O1                                                   | leon3gen.cpu[0].u0/leon3x0/p0/c0mmu/a0/I436[0]                          | leon3gen.cpu[0].u0/leon3x0/p0/c0mmu/dcache0/SR[0]            |               12 |             32 |
|  clkgen0/xc7l.v/O1                                                   | eth0.e1/m100.u0/ethc0/n_0_r[checkdata][31]_i_1                          |                                                              |                8 |             32 |
|  clkgen0/xc7l.v/O1                                                   | gpt.timer0/n_0_r[timers][2][value][31]_i_1                              |                                                              |               11 |             32 |
|  clkgen0/xc7l.v/O1                                                   | rst0/O1                                                                 |                                                              |               17 |             32 |
|  clkgen0/xc7l.v/O1                                                   | leon3gen.dsugen.dsu0/x0/n_0_r[slv][hwdata][31]_i_1                      |                                                              |               10 |             32 |
|  clkgen0/xc7l.v/O1                                                   | leon3gen.cpu[0].u0/leon3x0/p0/c0mmu/dcache0/n_0_r[wb][data2][31]_i_1    | leon3gen.cpu[0].u0/leon3x0/p0/c0mmu/dcache0/SR[0]            |               15 |             32 |
|  clkgen0/xc7l.v/O1                                                   | leon3gen.dsugen.dsu0/x0/n_0_r[slv][hrdata][31]_i_1                      |                                                              |               20 |             32 |
|  clkgen0/xc7l.v/O1                                                   | leon3gen.cpu[0].u0/leon3x0/p0/iu/n_0_r[w][s][y][31]_i_1                 |                                                              |               24 |             32 |
| ~ahbjtaggen0.ahbjtag0/gtckbuf.tckbuf/xil.xil0/O1                     | ahbjtaggen0.ahbjtag0/tap0/ac7v.u0/E[0]                                  |                                                              |                7 |             33 |
|  clkgen0/xc7l.v/O1                                                   | eth0.e1/m100.u0/ethc0/v[tfrpnt]1                                        |                                                              |                9 |             33 |
|  xlnx_opt__3                                                         |                                                                         | reset_in                                                     |               10 |             34 |
|  clkgen0/xc7l.v/O1                                                   | ahbjtaggen0.ahbjtag0/newcom.jtagcom0/n_0_ar_reg[qual_dreg]              | reset_in                                                     |               11 |             35 |
|  clkgen0/xc7l.v/O1                                                   | leon3gen.cpu[0].u0/leon3x0/p0/c0mmu/dcache0/r_reg[read]0                |                                                              |               16 |             36 |
|  clkgen0/xc7l.v/O1                                                   | ahb0/E[0]                                                               |                                                              |               24 |             42 |
|  clkgen0/xc7l.v/O1                                                   | eth0.e1/m100.u0/ethc0/write                                             |                                                              |                6 |             48 |
|  clkgen0/xc7l.v/O1                                                   | leon3gen.cpu[0].u0/leon3x0/p0/c0mmu/dcache0/O76                         |                                                              |               32 |             52 |
|  clkgen0/xc7l.v/O1                                                   | leon3gen.cpu[0].u0/leon3x0/p0/c0mmu/icache0/O71[0]                      |                                                              |               29 |             66 |
|  ahbjtaggen0.ahbjtag0/gtckbuf.tckbuf/xil.xil0/O1                     |                                                                         |                                                              |               24 |             69 |
|  n_0_bufgclk45                                                       |                                                                         |                                                              |               42 |             82 |
|  clkgen0/xc7l.v/O1                                                   |                                                                         | reset_in                                                     |               57 |            110 |
|  clkgen0/xc7l.v/O1                                                   | leon3gen.cpu[0].u0/leon3x0/p0/c0mmu/dcache0/O77                         |                                                              |              290 |            677 |
|  clkgen0/xc7l.v/O1                                                   |                                                                         |                                                              |              652 |           1514 |
+----------------------------------------------------------------------+-------------------------------------------------------------------------+--------------------------------------------------------------+------------------+----------------+


