Copyright 1986-1999, 2001-2013 Xilinx, Inc. All Rights Reserved.
---------------------------------------------------------------------------------------------------
| Tool Version : Vivado v.2013.4 (win64) Build 353583 Mon Dec  9 17:49:19 MST 2013
| Date         : Wed Apr 16 14:26:24 2014
| Host         : CSE-4225-18 running 64-bit Service Pack 1  (build 7601)
| Command      : report_utilization -file ADDA_utilization_synth.rpt -pb ADDA_utilization_synth.pb
| Design       : ADDA
| Device       : xc7a100t
| Design State : Synthesized
---------------------------------------------------------------------------------------------------

Utilization Design Information

Table of Contents
-----------------
1. Slice Logic
2. Memory
3. DSP
4. IO and GTX Specific
5. Clocking
6. Specific Feature
7. Primitives
8. Black Boxes
9. Instantiated Netlists

1. Slice Logic
--------------

+-------------------------+------+-------+-----------+-------+
|        Site Type        | Used | Loced | Available | Util% |
+-------------------------+------+-------+-----------+-------+
| Slice LUTs*             | 2710 |     0 |     63400 |  4.27 |
|   LUT as Logic          | 2710 |     0 |     63400 |  4.27 |
|   LUT as Memory         |    0 |     0 |     19000 |  0.00 |
| Slice Registers         | 1604 |     0 |    126800 |  1.26 |
|   Register as Flip Flop | 1203 |     0 |    126800 |  0.94 |
|   Register as Latch     |  401 |     0 |    126800 |  0.31 |
| F7 Muxes                |    0 |     0 |     31700 |  0.00 |
| F8 Muxes                |    0 |     0 |     15850 |  0.00 |
+-------------------------+------+-------+-----------+-------+
* Warning! The Final LUT count, after physical optimizations and full implementation, is typically lower. Run opt_design after synthesis for a more realistic count.


2. Memory
---------

+----------------+------+-------+-----------+-------+
|    Site Type   | Used | Loced | Available | Util% |
+----------------+------+-------+-----------+-------+
| Block RAM Tile |    0 |     0 |       135 |  0.00 |
|   RAMB36/FIFO* |    0 |     0 |       135 |  0.00 |
|   RAMB18       |    0 |     0 |       270 |  0.00 |
+----------------+------+-------+-----------+-------+
* Note: Each Block RAM Tile only has one FIFO logic available and therefore can accommodate only one FIFO36E1 or one FIFO18E1. However, if a FIFO18E1 occupies a Block RAM Tile, that tile can still accommodate a RAMB18E1


3. DSP
------

+----------------+------+-------+-----------+-------+
|    Site Type   | Used | Loced | Available | Util% |
+----------------+------+-------+-----------+-------+
| DSPs           |    6 |     0 |       240 |  2.50 |
|   DSP48E1 only |    6 |       |           |       |
+----------------+------+-------+-----------+-------+


4. IO and GTX Specific
----------------------

+-----------------------------+------+-------+-----------+-------+
|          Site Type          | Used | Loced | Available | Util% |
+-----------------------------+------+-------+-----------+-------+
| Bonded IOB                  |   20 |     0 |       210 |  9.52 |
| Bonded IPADs                |    0 |     0 |         2 |  0.00 |
| IBUFGDS                     |    0 |     0 |       202 |  0.00 |
| IDELAYCTRL                  |    0 |     0 |         6 |  0.00 |
| IN_FIFO                     |    0 |     0 |        24 |  0.00 |
| OUT_FIFO                    |    0 |     0 |        24 |  0.00 |
| PHASER_REF                  |    0 |     0 |         6 |  0.00 |
| PHY_CONTROL                 |    0 |     0 |         6 |  0.00 |
| PHASER_OUT/PHASER_OUT_PHY   |    0 |     0 |        24 |  0.00 |
| PHASER_IN/PHASER_IN_PHY     |    0 |     0 |        24 |  0.00 |
| IDELAYE2/IDELAYE2_FINEDELAY |    0 |     0 |       300 |  0.00 |
| ODELAYE2/ODELAYE2_FINEDELAY |    0 |     0 |         0 |  0.00 |
| IBUFDS_GTE2                 |    0 |     0 |         4 |  0.00 |
| ILOGIC                      |    0 |     0 |       210 |  0.00 |
| OLOGIC                      |    0 |     0 |       210 |  0.00 |
+-----------------------------+------+-------+-----------+-------+


5. Clocking
-----------

+------------+------+-------+-----------+-------+
|  Site Type | Used | Loced | Available | Util% |
+------------+------+-------+-----------+-------+
| BUFGCTRL   |    6 |     0 |        32 | 18.75 |
| BUFIO      |    0 |     0 |        24 |  0.00 |
| MMCME2_ADV |    0 |     0 |         6 |  0.00 |
| PLLE2_ADV  |    0 |     0 |         6 |  0.00 |
| BUFMRCE    |    0 |     0 |        12 |  0.00 |
| BUFHCE     |    0 |     0 |        96 |  0.00 |
| BUFR       |    0 |     0 |        24 |  0.00 |
+------------+------+-------+-----------+-------+


6. Specific Feature
-------------------

+-------------+------+-------+-----------+-------+
|  Site Type  | Used | Loced | Available | Util% |
+-------------+------+-------+-----------+-------+
| BSCANE2     |    0 |     0 |         4 |  0.00 |
| CAPTUREE2   |    0 |     0 |         1 |  0.00 |
| DNA_PORT    |    0 |     0 |         1 |  0.00 |
| EFUSE_USR   |    0 |     0 |         1 |  0.00 |
| FRAME_ECCE2 |    0 |     0 |         1 |  0.00 |
| ICAPE2      |    0 |     0 |         2 |  0.00 |
| PCIE_2_1    |    0 |     0 |         1 |  0.00 |
| STARTUPE2   |    0 |     0 |         1 |  0.00 |
| XADC        |    0 |     0 |         1 |  0.00 |
+-------------+------+-------+-----------+-------+


7. Primitives
-------------

+----------+------+
| Ref Name | Used |
+----------+------+
| LUT2     | 1235 |
| LUT4     |  910 |
| CARRY4   |  657 |
| FDCE     |  632 |
| LUT1     |  580 |
| FDRE     |  560 |
| LUT3     |  542 |
| LDCE     |  401 |
| LUT5     |  192 |
| LUT6     |  142 |
| OBUF     |   19 |
| FDPE     |   11 |
| DSP48E1  |    6 |
| BUFG     |    6 |
| IBUF     |    1 |
+----------+------+


8. Black Boxes
--------------

+------------+------+
|  Ref Name  | Used |
+------------+------+
| xadc_wiz_0 |    1 |
+------------+------+


9. Instantiated Netlists
------------------------

+----------+------+
| Ref Name | Used |
+----------+------+


