#-----------------------------------------------------------
# Vivado v2013.4 (64-bit)
# SW Build 353583 on Mon Dec  9 17:49:19 MST 2013
# IP Build 208076 on Mon Dec  2 12:38:17 MST 2013
# Start of session at: Fri May 02 16:12:11 2014
# Process ID: 2684
# Log file: C:/Users/sebkarl/Desktop/test/vivado.log
# Journal file: C:/Users/sebkarl/Desktop/test\vivado.jou
#-----------------------------------------------------------
Attempting to get a license: Implementation
Feature available: Implementation
Loading parts and site information from C:/Xilinx/Vivado/2013.4/data/parts/arch.xml
Parsing RTL primitives file [C:/Xilinx/Vivado/2013.4/data/parts/xilinx/rtl/prims/rtl_prims.xml]
Finished parsing RTL primitives file [C:/Xilinx/Vivado/2013.4/data/parts/xilinx/rtl/prims/rtl_prims.xml]
start_gui
open_project {C:\Users\sebkarl\Desktop\test\HandyEQ-HW.xpr}
Scanning sources...
Finished scanning sources
INFO: [IP_Flow 19-234] Refreshing IP repositories
INFO: [IP_Flow 19-1704] No user IP repositories specified
INFO: [IP_Flow 19-2313] Loaded Vivado IP repository 'C:/Xilinx/Vivado/2013.4/data/ip'.
WARNING: [IP_Flow 19-2162] IP 'xadc_wiz_0' is locked. Locked reason: Current project part 'xc7a100tcsg324-1' and the part 'xc7a100tcsg324-2' used to customize the IP 'xadc_wiz_0' do not match.  Please select 'Report IP Status' from the 'Tools/Report' menu.
open_project: Time (s): cpu = 00:00:12 ; elapsed = 00:00:06 . Memory (MB): peak = 925.867 ; gain = 70.492
launch_runs impl_1 -to_step write_bitstream
CRITICAL WARNING: [Designutils 20-1365] Unable to generate target(s) for the following file is locked: C:/Users/sebkarl/Desktop/test/HandyEQ-HW.srcs/sources_1/ip/xadc_wiz_0/xadc_wiz_0.xci
Locked reason: Current project part 'xc7a100tcsg324-1' and the part 'xc7a100tcsg324-2' used to customize the IP 'xadc_wiz_0' do not match.  Please select 'Report IP Status' from the 'Tools/Report' menu.
WARNING: [Runs 36-53] Possible issues detected after target generation. Generation state is unexpected for target 'Synthesis'. Expected 'Generated', got 'Stale' for source 'C:/Users/sebkarl/Desktop/test/HandyEQ-HW.srcs/sources_1/ip/xadc_wiz_0/xadc_wiz_0.xci'
[Fri May 02 16:12:47 2014] Launched xadc_wiz_0_synth_1, synth_1...
Run output will be captured here:
xadc_wiz_0_synth_1: C:/Users/sebkarl/Desktop/test/HandyEQ-HW.runs/xadc_wiz_0_synth_1/runme.log
synth_1: C:/Users/sebkarl/Desktop/test/HandyEQ-HW.runs/synth_1/runme.log
[Fri May 02 16:12:48 2014] Launched impl_1...
Run output will be captured here: C:/Users/sebkarl/Desktop/test/HandyEQ-HW.runs/impl_1/runme.log
launch_runs: Time (s): cpu = 00:00:07 ; elapsed = 00:00:10 . Memory (MB): peak = 977.566 ; gain = 4.281
reset_run synth_1
file delete -force C:/Users/sebkarl/Desktop/test/HandyEQ-HW.srcs/sources_1/ip/xadc_wiz_0
remove_files -fileset xadc_wiz_0 C:/Users/sebkarl/Desktop/test/HandyEQ-HW.srcs/sources_1/ip/xadc_wiz_0/xadc_wiz_0.xci
delete_fileset xadc_wiz_0
create_ip -name xadc_wiz -vendor xilinx.com -library ip -module_name xadc_wiz_0
set_property -dict [list CONFIG.ADC_CONVERSION_RATE {800} CONFIG.OT_ALARM {false} CONFIG.USER_TEMP_ALARM {false} CONFIG.VCCINT_ALARM {false} CONFIG.VCCAUX_ALARM {false} CONFIG.SINGLE_CHANNEL_SELECTION {VAUXP3_VAUXN3} CONFIG.BIPOLAR_OPERATION {true}] [get_ips xadc_wiz_0]
generate_target {instantiation_template} [get_files c:/Users/sebkarl/Desktop/test/HandyEQ-HW.srcs/sources_1/ip/xadc_wiz_0/xadc_wiz_0.xci]
INFO: [IP_Flow 19-1686] Generating 'Instantiation Template' target for IP 'xadc_wiz_0'...
generate_target all [get_files  c:/Users/sebkarl/Desktop/test/HandyEQ-HW.srcs/sources_1/ip/xadc_wiz_0/xadc_wiz_0.xci]
INFO: [IP_Flow 19-1706] Not generating 'Instantiation Template' target for IP 'xadc_wiz_0'. Target already exists and is up to date.
INFO: [IP_Flow 19-1686] Generating 'Synthesis' target for IP 'xadc_wiz_0'...
INFO: [IP_Flow 19-1686] Generating 'Simulation' target for IP 'xadc_wiz_0'...
INFO: [IP_Flow 19-1686] Generating 'Change Log' target for IP 'xadc_wiz_0'...
create_ip_run [get_files -of_objects [get_fileset sources_1] c:/Users/sebkarl/Desktop/test/HandyEQ-HW.srcs/sources_1/ip/xadc_wiz_0/xadc_wiz_0.xci]
launch_run -jobs 8 xadc_wiz_0_synth_1
[Fri May 02 16:14:49 2014] Launched xadc_wiz_0_synth_1...
Run output will be captured here: C:/Users/sebkarl/Desktop/test/HandyEQ-HW.runs/xadc_wiz_0_synth_1/runme.log
launch_runs impl_1 -to_step write_bitstream
[Fri May 02 16:15:07 2014] Launched xadc_wiz_0_synth_1, synth_1...
Run output will be captured here:
xadc_wiz_0_synth_1: C:/Users/sebkarl/Desktop/test/HandyEQ-HW.runs/xadc_wiz_0_synth_1/runme.log
synth_1: C:/Users/sebkarl/Desktop/test/HandyEQ-HW.runs/synth_1/runme.log
[Fri May 02 16:15:07 2014] Launched impl_1...
Run output will be captured here: C:/Users/sebkarl/Desktop/test/HandyEQ-HW.runs/impl_1/runme.log
launch_runs: Time (s): cpu = 00:00:01 ; elapsed = 00:00:06 . Memory (MB): peak = 1057.160 ; gain = 0.000
launch_runs impl_1 -to_step write_bitstream
[Fri May 02 16:25:08 2014] Launched impl_1...
Run output will be captured here: C:/Users/sebkarl/Desktop/test/HandyEQ-HW.runs/impl_1/runme.log
launch_runs impl_1 -to_step write_bitstream
[Fri May 02 16:25:20 2014] Launched impl_1...
Run output will be captured here: C:/Users/sebkarl/Desktop/test/HandyEQ-HW.runs/impl_1/runme.log
reset_run synth_1
launch_runs impl_1
[Fri May 02 16:25:35 2014] Launched synth_1...
Run output will be captured here: C:/Users/sebkarl/Desktop/test/HandyEQ-HW.runs/synth_1/runme.log
[Fri May 02 16:25:36 2014] Launched impl_1...
Run output will be captured here: C:/Users/sebkarl/Desktop/test/HandyEQ-HW.runs/impl_1/runme.log
launch_runs: Time (s): cpu = 00:00:01 ; elapsed = 00:00:08 . Memory (MB): peak = 1073.695 ; gain = 2.094
launch_runs impl_1 -to_step write_bitstream
[Fri May 02 16:37:36 2014] Launched impl_1...
Run output will be captured here: C:/Users/sebkarl/Desktop/test/HandyEQ-HW.runs/impl_1/runme.log
exit
INFO: [Common 17-206] Exiting Vivado at Fri May 02 16:58:41 2014...
