Copyright 1986-1999, 2001-2013 Xilinx, Inc. All Rights Reserved.
---------------------------------------------------------------------------------------------------------
| Tool Version : Vivado v.2013.4 (win64) Build 353583 Mon Dec  9 17:49:19 MST 2013
| Date         : Mon Apr 07 17:58:46 2014
| Host         : CSE-4225-16 running 64-bit Service Pack 1  (build 7601)
| Command      : report_utilization -file leon3mp_utilization_synth.rpt -pb leon3mp_utilization_synth.pb
| Design       : leon3mp
| Device       : xc7a100t
| Design State : Synthesized
---------------------------------------------------------------------------------------------------------

Utilization Design Information

Table of Contents
-----------------
1. Slice Logic
2. Memory
3. DSP
4. IO and GTX Specific
5. Clocking
6. Specific Feature
7. Primitives
8. Black Boxes
9. Instantiated Netlists

1. Slice Logic
--------------

+----------------------------+-------+-------+-----------+-------+
|          Site Type         |  Used | Loced | Available | Util% |
+----------------------------+-------+-------+-----------+-------+
| Slice LUTs*                | 11647 |     0 |     63400 | 18.37 |
|   LUT as Logic             | 11612 |     0 |     63400 | 18.31 |
|   LUT as Memory            |    35 |     0 |     19000 |  0.18 |
|     LUT as Distributed RAM |    24 |     0 |           |       |
|     LUT as Shift Register  |    11 |     0 |           |       |
| Slice Registers            |  6615 |     0 |    126800 |  5.21 |
|   Register as Flip Flop    |  4699 |     0 |    126800 |  3.70 |
|   Register as Latch        |  1916 |     0 |    126800 |  1.51 |
| F7 Muxes                   |   582 |     0 |     31700 |  1.83 |
| F8 Muxes                   |   154 |     0 |     15850 |  0.97 |
+----------------------------+-------+-------+-----------+-------+
* Warning! The Final LUT count, after physical optimizations and full implementation, is typically lower. Run opt_design after synthesis for a more realistic count.


2. Memory
---------

+-------------------+------+-------+-----------+-------+
|     Site Type     | Used | Loced | Available | Util% |
+-------------------+------+-------+-----------+-------+
| Block RAM Tile    |   19 |     0 |       135 | 14.07 |
|   RAMB36/FIFO*    |   13 |     0 |       135 |  9.62 |
|     RAMB36E1 only |   13 |       |           |       |
|   RAMB18          |   12 |     0 |       270 |  4.44 |
|     RAMB18E1 only |   12 |       |           |       |
+-------------------+------+-------+-----------+-------+
* Note: Each Block RAM Tile only has one FIFO logic available and therefore can accommodate only one FIFO36E1 or one FIFO18E1. However, if a FIFO18E1 occupies a Block RAM Tile, that tile can still accommodate a RAMB18E1


3. DSP
------

+----------------+------+-------+-----------+-------+
|    Site Type   | Used | Loced | Available | Util% |
+----------------+------+-------+-----------+-------+
| DSPs           |    4 |     0 |       240 |  1.66 |
|   DSP48E1 only |    4 |       |           |       |
+----------------+------+-------+-----------+-------+


4. IO and GTX Specific
----------------------

+-----------------------------+------+-------+-----------+-------+
|          Site Type          | Used | Loced | Available | Util% |
+-----------------------------+------+-------+-----------+-------+
| Bonded IOB                  |   77 |     0 |       210 | 36.66 |
| Bonded IPADs                |    0 |     0 |         2 |  0.00 |
| IBUFGDS                     |    0 |     0 |       202 |  0.00 |
| IDELAYCTRL                  |    0 |     0 |         6 |  0.00 |
| IN_FIFO                     |    0 |     0 |        24 |  0.00 |
| OUT_FIFO                    |    0 |     0 |        24 |  0.00 |
| PHASER_REF                  |    0 |     0 |         6 |  0.00 |
| PHY_CONTROL                 |    0 |     0 |         6 |  0.00 |
| PHASER_OUT/PHASER_OUT_PHY   |    0 |     0 |        24 |  0.00 |
| PHASER_IN/PHASER_IN_PHY     |    0 |     0 |        24 |  0.00 |
| IDELAYE2/IDELAYE2_FINEDELAY |    0 |     0 |       300 |  0.00 |
| ODELAYE2/ODELAYE2_FINEDELAY |    0 |     0 |         0 |  0.00 |
| IBUFDS_GTE2                 |    0 |     0 |         4 |  0.00 |
| ILOGIC                      |    0 |     0 |       210 |  0.00 |
| OLOGIC                      |    0 |     0 |       210 |  0.00 |
+-----------------------------+------+-------+-----------+-------+


5. Clocking
-----------

+------------+------+-------+-----------+-------+
|  Site Type | Used | Loced | Available | Util% |
+------------+------+-------+-----------+-------+
| BUFGCTRL   |    8 |     0 |        32 | 25.00 |
| BUFIO      |    0 |     0 |        24 |  0.00 |
| MMCME2_ADV |    0 |     0 |         6 |  0.00 |
| PLLE2_ADV  |    2 |     0 |         6 | 33.33 |
| BUFMRCE    |    0 |     0 |        12 |  0.00 |
| BUFHCE     |    0 |     0 |        96 |  0.00 |
| BUFR       |    0 |     0 |        24 |  0.00 |
+------------+------+-------+-----------+-------+


6. Specific Feature
-------------------

+-------------+------+-------+-----------+-------+
|  Site Type  | Used | Loced | Available | Util% |
+-------------+------+-------+-----------+-------+
| BSCANE2     |    2 |     0 |         4 | 50.00 |
| CAPTUREE2   |    0 |     0 |         1 |  0.00 |
| DNA_PORT    |    0 |     0 |         1 |  0.00 |
| EFUSE_USR   |    0 |     0 |         1 |  0.00 |
| FRAME_ECCE2 |    0 |     0 |         1 |  0.00 |
| ICAPE2      |    0 |     0 |         2 |  0.00 |
| PCIE_2_1    |    0 |     0 |         1 |  0.00 |
| STARTUPE2   |    0 |     0 |         1 |  0.00 |
| XADC        |    0 |     0 |         1 |  0.00 |
+-------------+------+-------+-----------+-------+


7. Primitives
-------------

+-----------+------+
|  Ref Name | Used |
+-----------+------+
| LUT6      | 6240 |
| FDRE      | 4492 |
| LUT5      | 2959 |
| LDCE      | 1915 |
| LUT3      | 1392 |
| LUT4      | 1388 |
| LUT2      |  731 |
| MUXF7     |  582 |
| CARRY4    |  337 |
| LUT1      |  312 |
| MUXF8     |  154 |
| FDSE      |  116 |
| FDCE      |   64 |
| OBUF      |   40 |
| IBUF      |   37 |
| RAMD32    |   36 |
| OBUFT     |   31 |
| FDPE      |   27 |
| RAMB36E1  |   13 |
| RAMS32    |   12 |
| RAMB18E1  |   12 |
| SRL16E    |   11 |
| BUFG      |    8 |
| DSP48E1   |    4 |
| PLLE2_ADV |    2 |
| BSCANE2   |    2 |
| LDPE      |    1 |
+-----------+------+


8. Black Boxes
--------------

+------------+------+
|  Ref Name  | Used |
+------------+------+
| xadc_wiz_0 |    1 |
+------------+------+


9. Instantiated Netlists
------------------------

+----------+------+
| Ref Name | Used |
+----------+------+


